<?xml version="1.0" encoding="utf-8"?><testsuites name="pytest tests"><testsuite name="pytest" errors="0" failures="0" skipped="0" tests="6" time="35.420" timestamp="2026-02-21T11:53:41.440271+00:00" hostname="agent-env-5c83bf08-7867-4dac-8e28-7876746c8a3a"><testcase classname="backend.tests.test_intent_processing.TestAddIntent" name="test_add_two_items" time="3.145" /><testcase classname="backend.tests.test_intent_processing.TestMarkWastedIntent" name="test_milk_expired" time="7.947" /><testcase classname="backend.tests.test_intent_processing.TestMarkUsedIntent" name="test_bananas_used" time="5.653" /><testcase classname="backend.tests.test_intent_processing.TestMixedIntent" name="test_add_eggs_and_waste_milk" time="6.949" /><testcase classname="backend.tests.test_intent_processing.TestNotFoundIntent" name="test_unknown_item_not_found" time="4.496" /><testcase classname="backend.tests.test_intent_processing.TestNotFoundIntent" name="test_response_structure" time="7.205" /></testsuite></testsuites>