<?xml version="1.0" encoding="utf-8"?><testsuites name="pytest tests"><testsuite name="pytest" errors="0" failures="1" skipped="0" tests="6" time="39.452" timestamp="2026-02-21T11:52:05.702207+00:00" hostname="agent-env-5c83bf08-7867-4dac-8e28-7876746c8a3a"><testcase classname="backend.tests.test_intent_processing.TestAddIntent" name="test_add_two_items" time="6.522" /><testcase classname="backend.tests.test_intent_processing.TestMarkWastedIntent" name="test_milk_expired" time="8.194"><failure message="AssertionError: milk still in active inventory: ['coriander', 'spinach', 'coriander', 'ketchup', 'banana', 'curd', 'banana', 'banana', 'spinach', 'bread', 'paneer', 'bread', 'milk', 'banana', 'tomato', 'tomato', 'milk', 'paneer', 'milk', 'milk', 'spinach leaf', 'chicken', 'tomato', 'egg', 'cabbage', 'egg', 'apple', 'potato', 'apple', 'ketchup', 'ketchup', 'onion', 'apple', 'ketchup', 'maggi']&#10;assert not True&#10; +  where True = any(&lt;generator object TestMarkWastedIntent.test_milk_expired.&lt;locals&gt;.&lt;genexpr&gt; at 0xfc6bed0b3440&gt;)">backend/tests/test_intent_processing.py:126: in test_milk_expired
    assert not any("milk" == n for n in active_names), f"milk still in active inventory: {active_names}"
E   AssertionError: milk still in active inventory: ['coriander', 'spinach', 'coriander', 'ketchup', 'banana', 'curd', 'banana', 'banana', 'spinach', 'bread', 'paneer', 'bread', 'milk', 'banana', 'tomato', 'tomato', 'milk', 'paneer', 'milk', 'milk', 'spinach leaf', 'chicken', 'tomato', 'egg', 'cabbage', 'egg', 'apple', 'potato', 'apple', 'ketchup', 'ketchup', 'onion', 'apple', 'ketchup', 'maggi']
E   assert not True
E    +  where True = any(&lt;generator object TestMarkWastedIntent.test_milk_expired.&lt;locals&gt;.&lt;genexpr&gt; at 0xfc6bed0b3440&gt;)</failure></testcase><testcase classname="backend.tests.test_intent_processing.TestMarkUsedIntent" name="test_bananas_used" time="6.617" /><testcase classname="backend.tests.test_intent_processing.TestMixedIntent" name="test_add_eggs_and_waste_milk" time="6.151" /><testcase classname="backend.tests.test_intent_processing.TestNotFoundIntent" name="test_unknown_item_not_found" time="3.125" /><testcase classname="backend.tests.test_intent_processing.TestNotFoundIntent" name="test_response_structure" time="8.769" /></testsuite></testsuites>