<?xml version="1.0" encoding="utf-8"?><testsuites name="pytest tests"><testsuite name="pytest" errors="0" failures="0" skipped="0" tests="7" time="8.503" timestamp="2026-02-21T07:55:32.660749+00:00" hostname="agent-env-9918a096-7c5a-4bf4-a1f6-091443b0339c"><testcase classname="tests.test_api_endpoints.TestHealthCheck" name="test_root_endpoint" time="1.163" /><testcase classname="tests.test_api_endpoints.TestInventory" name="test_get_inventory" time="0.960" /><testcase classname="tests.test_api_endpoints.TestInventory" name="test_get_history" time="0.721" /><testcase classname="tests.test_api_endpoints.TestInventory" name="test_get_single_item" time="1.406" /><testcase classname="tests.test_api_endpoints.TestInventoryActions" name="test_mark_item_as_used" time="2.734" /><testcase classname="tests.test_api_endpoints.TestReports" name="test_get_reports" time="0.732" /><testcase classname="tests.test_api_endpoints.TestNotifications" name="test_get_notifications" time="0.755" /></testsuite></testsuites>